<?xml version="1.0" encoding="UTF-8"?>
<!-- Generated by org.testng.reporters.JUnitXMLReporter -->
<testsuite ignored="0" hostname="DESKTOP-E6TL60B" failures="0" tests="5" name="Default test" time="15.706" errors="0" timestamp="2022-08-07T23:20:53 IST">
  <testcase classname="testNG_Demo.RegistrationProject.RegiserDemo" name="LaunchApplication" time="8.269"/>
  <testcase classname="testNG_Demo.RegistrationProject.RegiserDemo" name="SelectRegistrationForm" time="1.959"/>
  <testcase classname="testNG_Demo.RegistrationProject.RegiserDemo" name="RegisterUser" time="5.194"/>
  <testcase classname="testNG_Demo.RegistrationProject.RegiserDemo" name="ValidationMessage" time="0.039"/>
  <testcase classname="testNG_Demo.RegistrationProject.RegiserDemo" name="CloseApplication" time="0.161"/>
</testsuite> <!-- Default test -->
