<?xml version="1.0" encoding="UTF-8"?>
<testng-results ignored="0" total="5" passed="5" failed="0" skipped="0">
  <reporter-output>
  </reporter-output>
  <suite started-at="2022-08-07T23:20:37 IST" name="Default suite" finished-at="2022-08-07T23:20:53 IST" duration-ms="15706">
    <groups>
    </groups>
    <test started-at="2022-08-07T23:20:37 IST" name="Default test" finished-at="2022-08-07T23:20:53 IST" duration-ms="15706">
      <class name="testNG_Demo.RegistrationProject.RegiserDemo">
        <test-method signature="LaunchApplication()[pri:1, instance:testNG_Demo.RegistrationProject.RegiserDemo@1b2abca6]" started-at="2022-08-07T23:20:37 IST" name="LaunchApplication" finished-at="2022-08-07T23:20:45 IST" duration-ms="8269" status="PASS">
          <reporter-output>
          </reporter-output>
        </test-method> <!-- LaunchApplication -->
        <test-method signature="SelectRegistrationForm()[pri:2, instance:testNG_Demo.RegistrationProject.RegiserDemo@1b2abca6]" started-at="2022-08-07T23:20:45 IST" name="SelectRegistrationForm" finished-at="2022-08-07T23:20:47 IST" duration-ms="1959" status="PASS">
          <reporter-output>
          </reporter-output>
        </test-method> <!-- SelectRegistrationForm -->
        <test-method signature="RegisterUser()[pri:3, instance:testNG_Demo.RegistrationProject.RegiserDemo@1b2abca6]" started-at="2022-08-07T23:20:47 IST" name="RegisterUser" finished-at="2022-08-07T23:20:53 IST" duration-ms="5194" status="PASS">
          <reporter-output>
          </reporter-output>
        </test-method> <!-- RegisterUser -->
        <test-method signature="ValidationMessage()[pri:4, instance:testNG_Demo.RegistrationProject.RegiserDemo@1b2abca6]" started-at="2022-08-07T23:20:53 IST" name="ValidationMessage" finished-at="2022-08-07T23:20:53 IST" duration-ms="39" status="PASS">
          <reporter-output>
          </reporter-output>
        </test-method> <!-- ValidationMessage -->
        <test-method signature="CloseApplication()[pri:5, instance:testNG_Demo.RegistrationProject.RegiserDemo@1b2abca6]" started-at="2022-08-07T23:20:53 IST" name="CloseApplication" finished-at="2022-08-07T23:20:53 IST" duration-ms="161" status="PASS">
          <reporter-output>
          </reporter-output>
        </test-method> <!-- CloseApplication -->
      </class> <!-- testNG_Demo.RegistrationProject.RegiserDemo -->
    </test> <!-- Default test -->
  </suite> <!-- Default suite -->
</testng-results>
