<?xml version="1.0" encoding="UTF-8"?>
<!-- Generated by org.testng.reporters.JUnitXMLReporter -->
<testsuite ignored="0" hostname="DESKTOP-E6TL60B" failures="0" tests="5" name="Test" time="17.57" errors="0" timestamp="2022-09-08T17:22:18 IST">
  <testcase classname="testNG_Demo.RegistrationProject.RegiserDemo" name="LaunchApplication" time="8.737"/>
  <testcase classname="testNG_Demo.RegistrationProject.RegiserDemo" name="SelectRegistrationForm" time="2.747"/>
  <testcase classname="testNG_Demo.RegistrationProject.RegiserDemo" name="RegisterUser" time="5.743"/>
  <testcase classname="testNG_Demo.RegistrationProject.RegiserDemo" name="ValidationMessage" time="0.051"/>
  <testcase classname="testNG_Demo.RegistrationProject.RegiserDemo" name="CloseApplication" time="0.183"/>
</testsuite> <!-- Test -->
