<?xml version="1.0" encoding="UTF-8"?>
<testng-results ignored="0" total="1" passed="1" failed="0" skipped="0">
  <reporter-output>
  </reporter-output>
  <suite started-at="2022-08-07T23:20:01 IST" name="Surefire suite" finished-at="2022-08-07T23:20:01 IST" duration-ms="94">
    <groups>
    </groups>
    <test started-at="2022-08-07T23:20:01 IST" name="Surefire test" finished-at="2022-08-07T23:20:01 IST" duration-ms="94">
      <class name="testNG_Demo.RegistrationProject.AppTest">
        <test-method signature="shouldAnswerWithTrue()" started-at="2022-08-07T23:20:01 IST" name="shouldAnswerWithTrue" finished-at="2022-08-07T23:20:01 IST" duration-ms="18" status="PASS">
          <reporter-output>
          </reporter-output>
        </test-method> <!-- shouldAnswerWithTrue -->
      </class> <!-- testNG_Demo.RegistrationProject.AppTest -->
    </test> <!-- Surefire test -->
  </suite> <!-- Surefire suite -->
</testng-results>
